Using pre-set license
Built from '2020.3/release' branch; Version is '2020.3.27f1 (e759542391ea) revision 15161684'; Using compiler version '192528614'; Build Type 'Release'
OS: 'Windows 11  (10.0.22623) 64bit Professional' Language: 'en' Physical Memory: 8043 MB
BatchMode: 1, IsHumanControllingUs: 0, StartBugReporterOnCrash: 0, Is64bit: 1, IsPro: 0

COMMAND LINE ARGUMENTS:
C:\Program Files\Unity\Hub\Editor\2020.3.27f1\Editor\Unity.exe
-adb2
-batchMode
-noUpm
-name
AssetImportWorker0
-projectPath
C:/Users/asus/Documents/GitHub/Lab1
-logFile
Logs/AssetImportWorker0.log
-srvPort
63016
Successfully changed project path to: C:/Users/asus/Documents/GitHub/Lab1
C:/Users/asus/Documents/GitHub/Lab1
Using Asset Import Pipeline V2.
Refreshing native plugins compatible for Editor in 60.53 ms, found 3 plugins.
Preloading 0 native plugins for Editor in 0.00 ms.
Initialize engine version: 2020.3.27f1 (e759542391ea)
[Subsystems] Discovering subsystems at path C:/Program Files/Unity/Hub/Editor/2020.3.27f1/Editor/Data/Resources/UnitySubsystems
[Subsystems] Discovering subsystems at path C:/Users/asus/Documents/GitHub/Lab1/Assets
GfxDevice: creating device client; threaded=0
Direct3D:
    Version:  Direct3D 11.0 [level 11.1]
    Renderer: NVIDIA GeForce MX250 (ID=0x1d13)
    Vendor:   
    VRAM:     1983 MB
    Driver:   30.0.15.1169
Initialize mono
Mono path[0] = 'C:/Program Files/Unity/Hub/Editor/2020.3.27f1/Editor/Data/Managed'
Mono path[1] = 'C:/Program Files/Unity/Hub/Editor/2020.3.27f1/Editor/Data/MonoBleedingEdge/lib/mono/unityjit'
Mono config path = 'C:/Program Files/Unity/Hub/Editor/2020.3.27f1/Editor/Data/MonoBleedingEdge/etc'
Using monoOptions --debugger-agent=transport=dt_socket,embedding=1,server=y,suspend=n,address=127.0.0.1:56524
Begin MonoManager ReloadAssembly
Registering precompiled unity dll's ...
Register platform support module: C:/Program Files/Unity/Hub/Editor/2020.3.27f1/Editor/Data/PlaybackEngines/WebGLSupport/UnityEditor.WebGL.Extensions.dll
Register platform support module: C:/Program Files/Unity/Hub/Editor/2020.3.27f1/Editor/Data/PlaybackEngines/WindowsStandaloneSupport/UnityEditor.WindowsStandalone.Extensions.dll
Registered in 0.001890 seconds.
Native extension for WindowsStandalone target not found
Native extension for WebGL target not found
Refreshing native plugins compatible for Editor in 60.19 ms, found 3 plugins.
Preloading 0 native plugins for Editor in 0.00 ms.
Mono: successfully reloaded assembly
- Completed reload, in  0.697 seconds
Domain Reload Profiling:
	ReloadAssembly (697ms)
		BeginReloadAssembly (87ms)
			ExecutionOrderSort (0ms)
			DisableScriptedObjects (0ms)
			BackupInstance (0ms)
			ReleaseScriptingObjects (0ms)
			CreateAndSetChildDomain (1ms)
		EndReloadAssembly (513ms)
			LoadAssemblies (86ms)
			RebuildTransferFunctionScriptingTraits (0ms)
			SetupTypeCache (171ms)
			ReleaseScriptCaches (0ms)
			RebuildScriptCaches (35ms)
			SetupLoadedEditorAssemblies (207ms)
				LogAssemblyErrors (0ms)
				InitializePlatformSupportModulesInManaged (5ms)
				SetLoadedEditorAssemblies (0ms)
				RefreshPlugins (60ms)
				BeforeProcessingInitializeOnLoad (17ms)
				ProcessInitializeOnLoadAttributes (92ms)
				ProcessInitializeOnLoadMethodAttributes (32ms)
				AfterProcessingInitializeOnLoad (0ms)
				EditorAssembliesLoaded (0ms)
			ExecutionOrderSort2 (0ms)
			AwakeInstancesAfterBackupRestoration (0ms)
Platform modules already initialized, skipping
Registering precompiled user dll's ...
Registered in 0.004759 seconds.
Begin MonoManager ReloadAssembly
Native extension for WindowsStandalone target not found
Native extension for WebGL target not found
Refreshing native plugins compatible for Editor in 57.52 ms, found 3 plugins.
Preloading 0 native plugins for Editor in 0.00 ms.
Mono: successfully reloaded assembly
- Completed reload, in  1.389 seconds
Domain Reload Profiling:
	ReloadAssembly (1390ms)
		BeginReloadAssembly (175ms)
			ExecutionOrderSort (0ms)
			DisableScriptedObjects (5ms)
			BackupInstance (0ms)
			ReleaseScriptingObjects (0ms)
			CreateAndSetChildDomain (22ms)
		EndReloadAssembly (1149ms)
			LoadAssemblies (115ms)
			RebuildTransferFunctionScriptingTraits (0ms)
			SetupTypeCache (397ms)
			ReleaseScriptCaches (1ms)
			RebuildScriptCaches (56ms)
			SetupLoadedEditorAssemblies (468ms)
				LogAssemblyErrors (0ms)
				InitializePlatformSupportModulesInManaged (4ms)
				SetLoadedEditorAssemblies (0ms)
				RefreshPlugins (58ms)
				BeforeProcessingInitializeOnLoad (92ms)
				ProcessInitializeOnLoadAttributes (289ms)
				ProcessInitializeOnLoadMethodAttributes (20ms)
				AfterProcessingInitializeOnLoad (5ms)
				EditorAssembliesLoaded (0ms)
			ExecutionOrderSort2 (0ms)
			AwakeInstancesAfterBackupRestoration (7ms)
Platform modules already initialized, skipping
========================================================================
Worker process is ready to serve import requests
Launched and connected shader compiler UnityShaderCompiler.exe after 0.06 seconds
Refreshing native plugins compatible for Editor in 0.64 ms, found 3 plugins.
Preloading 0 native plugins for Editor in 0.00 ms.
Unloading 2611 Unused Serialized files (Serialized files now loaded: 0)
System memory in use before: 112.0 MB.
System memory in use after: 112.0 MB.

Unloading 37 unused Assets to reduce memory usage. Loaded Objects now: 3039.
Total: 3.525700 ms (FindLiveObjects: 0.246200 ms CreateObjectMapping: 0.134700 ms MarkObjects: 2.997000 ms  DeleteObjects: 0.146700 ms)

AssetImportParameters requested are different than current active one (requested -> active):
  custom:framework-win-MediaFoundation: 216162199b28c13a410421893ffa2e32 -> 
  custom:video-decoder-ogg-theora: a1e56fd34408186e4bbccfd4996cb3dc -> 
  custom:container-muxer-webm: aa71ff27fc2769a1b78a27578f13a17b -> 
  custom:container-demuxer-webm: 4f35f7cbe854078d1ac9338744f61a02 -> 
  custom:container-demuxer-ogg: 62fdf1f143b41e24485cea50d1cbac27 -> 
  custom:video-encoder-webm-vp8: eb34c28f22e8b96e1ab97ce403110664 -> 
  custom:video-decoder-webm-vp8: 9c59270c3fd7afecdb556c50c9e8de78 -> 
  custom:audio-decoder-ogg-vorbis: bf7c407c2cedff20999df2af8eb42d56 -> 
  custom:audio-encoder-webm-vorbis: bf7c407c2cedff20999df2af8eb42d56 -> 
========================================================================
Received Import Request.
  path: Assets/Art/Environment/Door/ColorCodedDoors
  artifactKey: Guid(84dce42fdc42c354c869ffc88280d637) Importer(815301076,1909f56bfc062723c751e8b465ee728b)
Start importing Assets/Art/Environment/Door/ColorCodedDoors using Guid(84dce42fdc42c354c869ffc88280d637) Importer(815301076,1909f56bfc062723c751e8b465ee728b)  -> (artifact id: '539084844e247dfbb56d91a00be048d8') in 0.009797 seconds 
  Import took 0.014020 seconds .

========================================================================
Received Import Request.
  Time since last request: 31.452911 seconds.
  path: Assets/Art/Environment/Art from 2D shooter
  artifactKey: Guid(6929036fd1b37a347a2cc75ba215540b) Importer(815301076,1909f56bfc062723c751e8b465ee728b)
Start importing Assets/Art/Environment/Art from 2D shooter using Guid(6929036fd1b37a347a2cc75ba215540b) Importer(815301076,1909f56bfc062723c751e8b465ee728b)  -> (artifact id: '75eaf8e15d954af79e2ae60f53978fcc') in 0.008550 seconds 
  Import took 0.014515 seconds .

========================================================================
Received Import Request.
  Time since last request: 4.539594 seconds.
  path: Assets/Art/Environment/Orb_4.asset
  artifactKey: Guid(6d6cbf54d0fca5946aad1e2c36630d78) Importer(815301076,1909f56bfc062723c751e8b465ee728b)
Start importing Assets/Art/Environment/Orb_4.asset using Guid(6d6cbf54d0fca5946aad1e2c36630d78) Importer(815301076,1909f56bfc062723c751e8b465ee728b)  -> (artifact id: '87bfed3ec21fd348d32670d6b57b8fe9') in 0.107142 seconds 
  Import took 0.111697 seconds .

========================================================================
Received Import Request.
  Time since last request: 0.000406 seconds.
  path: Assets/Art/Environment/Space_Logo.asset
  artifactKey: Guid(e18705b81eb49564e83c1082ce839c89) Importer(815301076,1909f56bfc062723c751e8b465ee728b)
Start importing Assets/Art/Environment/Space_Logo.asset using Guid(e18705b81eb49564e83c1082ce839c89) Importer(815301076,1909f56bfc062723c751e8b465ee728b)  -> (artifact id: '66b8f9df05353b00825424c6264cf5e9') in 0.016151 seconds 
  Import took 0.021465 seconds .

========================================================================
Received Import Request.
  Time since last request: 0.000395 seconds.
  path: Assets/Art/Environment/Vent_Large.asset
  artifactKey: Guid(e69e30db1c0119e4eaee92a57f9e2618) Importer(815301076,1909f56bfc062723c751e8b465ee728b)
Start importing Assets/Art/Environment/Vent_Large.asset using Guid(e69e30db1c0119e4eaee92a57f9e2618) Importer(815301076,1909f56bfc062723c751e8b465ee728b)  -> (artifact id: '04c87bd8764963a6ecde448a02162882') in 0.017050 seconds 
  Import took 0.022075 seconds .

========================================================================
Received Import Request.
  Time since last request: 0.000332 seconds.
  path: Assets/Art/Environment/Vent_Quad.asset
  artifactKey: Guid(31a6ac41f3adc8b408e058edb364077f) Importer(815301076,1909f56bfc062723c751e8b465ee728b)
Start importing Assets/Art/Environment/Vent_Quad.asset using Guid(31a6ac41f3adc8b408e058edb364077f) Importer(815301076,1909f56bfc062723c751e8b465ee728b)  -> (artifact id: '07d398936bc76f0ac978b75d7f4472ec') in 0.026499 seconds 
  Import took 0.033148 seconds .

========================================================================
Received Import Request.
  Time since last request: 7.390905 seconds.
  path: Assets/Prefabs
  artifactKey: Guid(a60930968394dad4797691ea8feee3d9) Importer(815301076,1909f56bfc062723c751e8b465ee728b)
Start importing Assets/Prefabs using Guid(a60930968394dad4797691ea8feee3d9) Importer(815301076,1909f56bfc062723c751e8b465ee728b)  -> (artifact id: '41ac3d88cd4b1b5c2ae7589b1099e9be') in 0.011642 seconds 
  Import took 0.026677 seconds .

========================================================================
Received Import Request.
  Time since last request: 3.933082 seconds.
  path: Assets/Prefabs/Managers
  artifactKey: Guid(b763192470317444ab117156afd0b084) Importer(815301076,1909f56bfc062723c751e8b465ee728b)
Start importing Assets/Prefabs/Managers using Guid(b763192470317444ab117156afd0b084) Importer(815301076,1909f56bfc062723c751e8b465ee728b)  -> (artifact id: '6241f90b98a80a19a546cd4d780f9755') in 0.051003 seconds 
  Import took 0.056388 seconds .

AssetImportWorkerClient::OnTransportError - code=2 error=End of file
