Using pre-set license
Built from '2020.3/release' branch; Version is '2020.3.27f1 (e759542391ea) revision 15161684'; Using compiler version '192528614'; Build Type 'Release'
OS: 'Windows 11  (10.0.22623) 64bit Professional' Language: 'en' Physical Memory: 8043 MB
BatchMode: 1, IsHumanControllingUs: 0, StartBugReporterOnCrash: 0, Is64bit: 1, IsPro: 0

COMMAND LINE ARGUMENTS:
C:\Program Files\Unity\Hub\Editor\2020.3.27f1\Editor\Unity.exe
-adb2
-batchMode
-noUpm
-name
AssetImportWorker0
-projectPath
C:/Users/asus/Documents/GitHub/Lab1
-logFile
Logs/AssetImportWorker0.log
-srvPort
60931
Successfully changed project path to: C:/Users/asus/Documents/GitHub/Lab1
C:/Users/asus/Documents/GitHub/Lab1
Using Asset Import Pipeline V2.
Refreshing native plugins compatible for Editor in 62.25 ms, found 3 plugins.
Preloading 0 native plugins for Editor in 0.00 ms.
Initialize engine version: 2020.3.27f1 (e759542391ea)
[Subsystems] Discovering subsystems at path C:/Program Files/Unity/Hub/Editor/2020.3.27f1/Editor/Data/Resources/UnitySubsystems
[Subsystems] Discovering subsystems at path C:/Users/asus/Documents/GitHub/Lab1/Assets
GfxDevice: creating device client; threaded=0
Direct3D:
    Version:  Direct3D 11.0 [level 11.1]
    Renderer: NVIDIA GeForce MX250 (ID=0x1d13)
    Vendor:   
    VRAM:     1983 MB
    Driver:   30.0.15.1169
Initialize mono
Mono path[0] = 'C:/Program Files/Unity/Hub/Editor/2020.3.27f1/Editor/Data/Managed'
Mono path[1] = 'C:/Program Files/Unity/Hub/Editor/2020.3.27f1/Editor/Data/MonoBleedingEdge/lib/mono/unityjit'
Mono config path = 'C:/Program Files/Unity/Hub/Editor/2020.3.27f1/Editor/Data/MonoBleedingEdge/etc'
Using monoOptions --debugger-agent=transport=dt_socket,embedding=1,server=y,suspend=n,address=127.0.0.1:56528
Begin MonoManager ReloadAssembly
Registering precompiled unity dll's ...
Register platform support module: C:/Program Files/Unity/Hub/Editor/2020.3.27f1/Editor/Data/PlaybackEngines/WebGLSupport/UnityEditor.WebGL.Extensions.dll
Register platform support module: C:/Program Files/Unity/Hub/Editor/2020.3.27f1/Editor/Data/PlaybackEngines/WindowsStandaloneSupport/UnityEditor.WindowsStandalone.Extensions.dll
Registered in 0.001825 seconds.
Native extension for WindowsStandalone target not found
Native extension for WebGL target not found
Refreshing native plugins compatible for Editor in 61.15 ms, found 3 plugins.
Preloading 0 native plugins for Editor in 0.00 ms.
Mono: successfully reloaded assembly
- Completed reload, in  0.644 seconds
Domain Reload Profiling:
	ReloadAssembly (644ms)
		BeginReloadAssembly (65ms)
			ExecutionOrderSort (0ms)
			DisableScriptedObjects (0ms)
			BackupInstance (0ms)
			ReleaseScriptingObjects (0ms)
			CreateAndSetChildDomain (1ms)
		EndReloadAssembly (499ms)
			LoadAssemblies (63ms)
			RebuildTransferFunctionScriptingTraits (0ms)
			SetupTypeCache (156ms)
			ReleaseScriptCaches (0ms)
			RebuildScriptCaches (33ms)
			SetupLoadedEditorAssemblies (207ms)
				LogAssemblyErrors (0ms)
				InitializePlatformSupportModulesInManaged (5ms)
				SetLoadedEditorAssemblies (0ms)
				RefreshPlugins (61ms)
				BeforeProcessingInitializeOnLoad (16ms)
				ProcessInitializeOnLoadAttributes (95ms)
				ProcessInitializeOnLoadMethodAttributes (30ms)
				AfterProcessingInitializeOnLoad (0ms)
				EditorAssembliesLoaded (0ms)
			ExecutionOrderSort2 (0ms)
			AwakeInstancesAfterBackupRestoration (0ms)
Platform modules already initialized, skipping
Registering precompiled user dll's ...
Registered in 0.004886 seconds.
Begin MonoManager ReloadAssembly
Native extension for WindowsStandalone target not found
Native extension for WebGL target not found
Refreshing native plugins compatible for Editor in 61.63 ms, found 3 plugins.
Preloading 0 native plugins for Editor in 0.00 ms.
Mono: successfully reloaded assembly
- Completed reload, in  1.319 seconds
Domain Reload Profiling:
	ReloadAssembly (1320ms)
		BeginReloadAssembly (168ms)
			ExecutionOrderSort (0ms)
			DisableScriptedObjects (5ms)
			BackupInstance (0ms)
			ReleaseScriptingObjects (0ms)
			CreateAndSetChildDomain (21ms)
		EndReloadAssembly (1087ms)
			LoadAssemblies (112ms)
			RebuildTransferFunctionScriptingTraits (0ms)
			SetupTypeCache (353ms)
			ReleaseScriptCaches (1ms)
			RebuildScriptCaches (57ms)
			SetupLoadedEditorAssemblies (440ms)
				LogAssemblyErrors (0ms)
				InitializePlatformSupportModulesInManaged (4ms)
				SetLoadedEditorAssemblies (0ms)
				RefreshPlugins (62ms)
				BeforeProcessingInitializeOnLoad (90ms)
				ProcessInitializeOnLoadAttributes (261ms)
				ProcessInitializeOnLoadMethodAttributes (17ms)
				AfterProcessingInitializeOnLoad (5ms)
				EditorAssembliesLoaded (0ms)
			ExecutionOrderSort2 (0ms)
			AwakeInstancesAfterBackupRestoration (6ms)
Platform modules already initialized, skipping
========================================================================
Worker process is ready to serve import requests
Launched and connected shader compiler UnityShaderCompiler.exe after 0.05 seconds
Refreshing native plugins compatible for Editor in 0.57 ms, found 3 plugins.
Preloading 0 native plugins for Editor in 0.00 ms.
Unloading 2611 Unused Serialized files (Serialized files now loaded: 0)
System memory in use before: 112.0 MB.
System memory in use after: 112.0 MB.

Unloading 37 unused Assets to reduce memory usage. Loaded Objects now: 3039.
Total: 3.833300 ms (FindLiveObjects: 0.240900 ms CreateObjectMapping: 0.121800 ms MarkObjects: 3.286600 ms  DeleteObjects: 0.182200 ms)

AssetImportParameters requested are different than current active one (requested -> active):
  custom:framework-win-MediaFoundation: 216162199b28c13a410421893ffa2e32 -> 
  custom:video-decoder-ogg-theora: a1e56fd34408186e4bbccfd4996cb3dc -> 
  custom:container-muxer-webm: aa71ff27fc2769a1b78a27578f13a17b -> 
  custom:container-demuxer-webm: 4f35f7cbe854078d1ac9338744f61a02 -> 
  custom:container-demuxer-ogg: 62fdf1f143b41e24485cea50d1cbac27 -> 
  custom:video-encoder-webm-vp8: eb34c28f22e8b96e1ab97ce403110664 -> 
  custom:video-decoder-webm-vp8: 9c59270c3fd7afecdb556c50c9e8de78 -> 
  custom:audio-decoder-ogg-vorbis: bf7c407c2cedff20999df2af8eb42d56 -> 
  custom:audio-encoder-webm-vorbis: bf7c407c2cedff20999df2af8eb42d56 -> 
========================================================================
Received Import Request.
  path: Assets/Prefabs/Effects/DeathEffects/BasicGroundDead.prefab
  artifactKey: Guid(c4d99970794d9f0468b2e2a51a6bc976) Importer(815301076,1909f56bfc062723c751e8b465ee728b)
Start importing Assets/Prefabs/Effects/DeathEffects/BasicGroundDead.prefab using Guid(c4d99970794d9f0468b2e2a51a6bc976) Importer(815301076,1909f56bfc062723c751e8b465ee728b)  -> (artifact id: 'dd1efff0e94c0c69f196d202af38f708') in 0.180673 seconds 
  Import took 0.185197 seconds .

========================================================================
Received Import Request.
  Time since last request: 0.000584 seconds.
  path: Assets/Prefabs/Effects/DeathEffects/BasicToughGroundDead.prefab
  artifactKey: Guid(62e4db5313c52c04ab82614fca547df2) Importer(815301076,1909f56bfc062723c751e8b465ee728b)
Start importing Assets/Prefabs/Effects/DeathEffects/BasicToughGroundDead.prefab using Guid(62e4db5313c52c04ab82614fca547df2) Importer(815301076,1909f56bfc062723c751e8b465ee728b)  -> (artifact id: '917ca0b5727f9a704744ff0b5426d83c') in 0.023359 seconds 
  Import took 0.028316 seconds .

========================================================================
Received Import Request.
  Time since last request: 0.000507 seconds.
  path: Assets/Prefabs/Effects/DeathEffects/PlayerDeathEffect.prefab
  artifactKey: Guid(7cfdfc6cf75bc724ea5f9660e39d9280) Importer(815301076,1909f56bfc062723c751e8b465ee728b)
Start importing Assets/Prefabs/Effects/DeathEffects/PlayerDeathEffect.prefab using Guid(7cfdfc6cf75bc724ea5f9660e39d9280) Importer(815301076,1909f56bfc062723c751e8b465ee728b)  -> (artifact id: '4395501d892a29937838708a0f8d684e') in 0.014432 seconds 
  Import took 0.021216 seconds .

========================================================================
Received Import Request.
  Time since last request: 0.000445 seconds.
  path: Assets/Prefabs/Effects/DeathEffects/SmartGroundDead.prefab
  artifactKey: Guid(05428f5961cfc0d4fadbe0314aa21c97) Importer(815301076,1909f56bfc062723c751e8b465ee728b)
Start importing Assets/Prefabs/Effects/DeathEffects/SmartGroundDead.prefab using Guid(05428f5961cfc0d4fadbe0314aa21c97) Importer(815301076,1909f56bfc062723c751e8b465ee728b)  -> (artifact id: '13bd1a7c05782f59224a83b816fd6fc0') in 0.047578 seconds 
  Import took 0.051547 seconds .

========================================================================
Received Import Request.
  Time since last request: 0.000346 seconds.
  path: Assets/Prefabs/Effects/DeathEffects/JetDroidDead.prefab
  artifactKey: Guid(428b595752997a94d8ba41a58852d18c) Importer(815301076,1909f56bfc062723c751e8b465ee728b)
Start importing Assets/Prefabs/Effects/DeathEffects/JetDroidDead.prefab using Guid(428b595752997a94d8ba41a58852d18c) Importer(815301076,1909f56bfc062723c751e8b465ee728b)  -> (artifact id: '17252f3ac1d5c8c57a64cef97a5cc9de') in 0.041526 seconds 
  Import took 0.045754 seconds .

========================================================================
Received Prepare
Registering precompiled user dll's ...
Registered in 0.004394 seconds.
Begin MonoManager ReloadAssembly
Native extension for WindowsStandalone target not found
Native extension for WebGL target not found
Refreshing native plugins compatible for Editor in 0.64 ms, found 3 plugins.
Preloading 0 native plugins for Editor in 0.00 ms.
Mono: successfully reloaded assembly
- Completed reload, in  1.283 seconds
Domain Reload Profiling:
	ReloadAssembly (1284ms)
		BeginReloadAssembly (128ms)
			ExecutionOrderSort (0ms)
			DisableScriptedObjects (6ms)
			BackupInstance (0ms)
			ReleaseScriptingObjects (0ms)
			CreateAndSetChildDomain (41ms)
		EndReloadAssembly (1087ms)
			LoadAssemblies (103ms)
			RebuildTransferFunctionScriptingTraits (0ms)
			SetupTypeCache (445ms)
			ReleaseScriptCaches (1ms)
			RebuildScriptCaches (47ms)
			SetupLoadedEditorAssemblies (354ms)
				LogAssemblyErrors (0ms)
				InitializePlatformSupportModulesInManaged (5ms)
				SetLoadedEditorAssemblies (0ms)
				RefreshPlugins (1ms)
				BeforeProcessingInitializeOnLoad (87ms)
				ProcessInitializeOnLoadAttributes (244ms)
				ProcessInitializeOnLoadMethodAttributes (12ms)
				AfterProcessingInitializeOnLoad (5ms)
				EditorAssembliesLoaded (0ms)
			ExecutionOrderSort2 (0ms)
			AwakeInstancesAfterBackupRestoration (11ms)
Platform modules already initialized, skipping
Refreshing native plugins compatible for Editor in 0.70 ms, found 3 plugins.
Preloading 0 native plugins for Editor in 0.00 ms.
Unloading 2604 Unused Serialized files (Serialized files now loaded: 0)
System memory in use before: 115.0 MB.
System memory in use after: 115.1 MB.

Unloading 24 unused Assets to reduce memory usage. Loaded Objects now: 3048.
Total: 3.646900 ms (FindLiveObjects: 0.216400 ms CreateObjectMapping: 0.122100 ms MarkObjects: 3.197900 ms  DeleteObjects: 0.109400 ms)

AssetImportParameters requested are different than current active one (requested -> active):
  custom:framework-win-MediaFoundation: 216162199b28c13a410421893ffa2e32 -> 
  custom:video-decoder-ogg-theora: a1e56fd34408186e4bbccfd4996cb3dc -> 
  custom:container-muxer-webm: aa71ff27fc2769a1b78a27578f13a17b -> 
  custom:container-demuxer-webm: 4f35f7cbe854078d1ac9338744f61a02 -> 
  custom:container-demuxer-ogg: 62fdf1f143b41e24485cea50d1cbac27 -> 
  custom:video-encoder-webm-vp8: eb34c28f22e8b96e1ab97ce403110664 -> 
  custom:video-decoder-webm-vp8: 9c59270c3fd7afecdb556c50c9e8de78 -> 
  custom:audio-decoder-ogg-vorbis: bf7c407c2cedff20999df2af8eb42d56 -> 
  custom:audio-encoder-webm-vorbis: bf7c407c2cedff20999df2af8eb42d56 -> 
========================================================================
Received Import Request.
  Time since last request: 193.665945 seconds.
  path: Assets/Art/Player/Pngtreorange circle_2996855.png
  artifactKey: Guid(74fba9ae88c100645988bf9b049bdab7) Importer(815301076,1909f56bfc062723c751e8b465ee728b)
Start importing Assets/Art/Player/Pngtreorange circle_2996855.png using Guid(74fba9ae88c100645988bf9b049bdab7) Importer(815301076,1909f56bfc062723c751e8b465ee728b)  -> (artifact id: '46953a4d00e0bd56dedaba774a2c9cdd') in 0.142391 seconds 
  Import took 0.147520 seconds .

========================================================================
Received Prepare
Registering precompiled user dll's ...
Registered in 0.004124 seconds.
Begin MonoManager ReloadAssembly
Native extension for WindowsStandalone target not found
Native extension for WebGL target not found
Refreshing native plugins compatible for Editor in 0.59 ms, found 3 plugins.
Preloading 0 native plugins for Editor in 0.00 ms.
Mono: successfully reloaded assembly
- Completed reload, in  1.110 seconds
Domain Reload Profiling:
	ReloadAssembly (1111ms)
		BeginReloadAssembly (118ms)
			ExecutionOrderSort (0ms)
			DisableScriptedObjects (6ms)
			BackupInstance (0ms)
			ReleaseScriptingObjects (0ms)
			CreateAndSetChildDomain (39ms)
		EndReloadAssembly (933ms)
			LoadAssemblies (97ms)
			RebuildTransferFunctionScriptingTraits (0ms)
			SetupTypeCache (345ms)
			ReleaseScriptCaches (1ms)
			RebuildScriptCaches (48ms)
			SetupLoadedEditorAssemblies (333ms)
				LogAssemblyErrors (0ms)
				InitializePlatformSupportModulesInManaged (5ms)
				SetLoadedEditorAssemblies (0ms)
				RefreshPlugins (1ms)
				BeforeProcessingInitializeOnLoad (80ms)
				ProcessInitializeOnLoadAttributes (231ms)
				ProcessInitializeOnLoadMethodAttributes (11ms)
				AfterProcessingInitializeOnLoad (5ms)
				EditorAssembliesLoaded (0ms)
			ExecutionOrderSort2 (0ms)
			AwakeInstancesAfterBackupRestoration (9ms)
Platform modules already initialized, skipping
Refreshing native plugins compatible for Editor in 0.60 ms, found 3 plugins.
Preloading 0 native plugins for Editor in 0.00 ms.
Unloading 2604 Unused Serialized files (Serialized files now loaded: 0)
System memory in use before: 115.1 MB.
System memory in use after: 115.2 MB.

Unloading 24 unused Assets to reduce memory usage. Loaded Objects now: 3053.
Total: 4.087800 ms (FindLiveObjects: 0.253000 ms CreateObjectMapping: 0.143700 ms MarkObjects: 3.559300 ms  DeleteObjects: 0.130400 ms)

AssetImportParameters requested are different than current active one (requested -> active):
  custom:framework-win-MediaFoundation: 216162199b28c13a410421893ffa2e32 -> 
  custom:video-decoder-ogg-theora: a1e56fd34408186e4bbccfd4996cb3dc -> 
  custom:container-muxer-webm: aa71ff27fc2769a1b78a27578f13a17b -> 
  custom:container-demuxer-webm: 4f35f7cbe854078d1ac9338744f61a02 -> 
  custom:container-demuxer-ogg: 62fdf1f143b41e24485cea50d1cbac27 -> 
  custom:video-encoder-webm-vp8: eb34c28f22e8b96e1ab97ce403110664 -> 
  custom:video-decoder-webm-vp8: 9c59270c3fd7afecdb556c50c9e8de78 -> 
  custom:audio-decoder-ogg-vorbis: bf7c407c2cedff20999df2af8eb42d56 -> 
  custom:audio-encoder-webm-vorbis: bf7c407c2cedff20999df2af8eb42d56 -> 
========================================================================
Received Import Request.
  Time since last request: 22.922050 seconds.
  path: Assets/Art/Environment/Art from 2D shooter/PlatformLarge_Center.asset
  artifactKey: Guid(ac8de131387020744bd76879905579ee) Importer(815301076,1909f56bfc062723c751e8b465ee728b)
Start importing Assets/Art/Environment/Art from 2D shooter/PlatformLarge_Center.asset using Guid(ac8de131387020744bd76879905579ee) Importer(815301076,1909f56bfc062723c751e8b465ee728b)  -> (artifact id: '84020b54a06f2afd9f331317b8cabd2d') in 0.070845 seconds 
  Import took 0.080761 seconds .

========================================================================
Received Import Request.
  Time since last request: 0.000396 seconds.
  path: Assets/Art/Environment/Art from 2D shooter/PlatformLarge_Red_1.asset
  artifactKey: Guid(26da4af12bc57cb489609da9f5f862f0) Importer(815301076,1909f56bfc062723c751e8b465ee728b)
Start importing Assets/Art/Environment/Art from 2D shooter/PlatformLarge_Red_1.asset using Guid(26da4af12bc57cb489609da9f5f862f0) Importer(815301076,1909f56bfc062723c751e8b465ee728b)  -> (artifact id: 'd7ae581fa56751926e59435708b0f311') in 0.026151 seconds 
  Import took 0.032845 seconds .

========================================================================
Received Import Request.
  Time since last request: 0.000499 seconds.
  path: Assets/Art/Environment/Art from 2D shooter/PlatformLarge_Yellow_1.asset
  artifactKey: Guid(4c135761ddc05b741a501b4f82fb9fb6) Importer(815301076,1909f56bfc062723c751e8b465ee728b)
Start importing Assets/Art/Environment/Art from 2D shooter/PlatformLarge_Yellow_1.asset using Guid(4c135761ddc05b741a501b4f82fb9fb6) Importer(815301076,1909f56bfc062723c751e8b465ee728b)  -> (artifact id: 'b4c516eb1ec31a7db3cf483b93b844c4') in 0.025278 seconds 
  Import took 0.034664 seconds .

========================================================================
Received Import Request.
  Time since last request: 0.000415 seconds.
  path: Assets/Art/Environment/Art from 2D shooter/PlatformLarge_Yellow_3.asset
  artifactKey: Guid(d3742869ba48fd64fa079f50481d0a05) Importer(815301076,1909f56bfc062723c751e8b465ee728b)
Start importing Assets/Art/Environment/Art from 2D shooter/PlatformLarge_Yellow_3.asset using Guid(d3742869ba48fd64fa079f50481d0a05) Importer(815301076,1909f56bfc062723c751e8b465ee728b)  -> (artifact id: 'dead4e9773be64a8a11d503818f27439') in 0.025354 seconds 
  Import took 0.032947 seconds .

========================================================================
Received Import Request.
  Time since last request: 0.000457 seconds.
  path: Assets/Art/Environment/Art from 2D shooter/PlatformLarge_Green_1.asset
  artifactKey: Guid(4268cf09f6674c64d8d080d9f7529881) Importer(815301076,1909f56bfc062723c751e8b465ee728b)
Start importing Assets/Art/Environment/Art from 2D shooter/PlatformLarge_Green_1.asset using Guid(4268cf09f6674c64d8d080d9f7529881) Importer(815301076,1909f56bfc062723c751e8b465ee728b)  -> (artifact id: '17bcc43789942506c81ccd636ad15df0') in 0.019955 seconds 
  Import took 0.024782 seconds .

========================================================================
Received Import Request.
  Time since last request: 0.001373 seconds.
  path: Assets/Art/Environment/Art from 2D shooter/PlatformMedium_Left_Green_3.asset
  artifactKey: Guid(fee8c183e2870b742b7395df8fb6e303) Importer(815301076,1909f56bfc062723c751e8b465ee728b)
Start importing Assets/Art/Environment/Art from 2D shooter/PlatformMedium_Left_Green_3.asset using Guid(fee8c183e2870b742b7395df8fb6e303) Importer(815301076,1909f56bfc062723c751e8b465ee728b)  -> (artifact id: 'e5d35f918cbb1c43e829ffec77eb4115') in 0.023397 seconds 
  Import took 0.034267 seconds .

========================================================================
Received Import Request.
  Time since last request: 0.000285 seconds.
  path: Assets/Art/Environment/Art from 2D shooter/PlatformMedium_Left_Red_1.asset
  artifactKey: Guid(53e7443c9dfaeca4abf0db9e981a5389) Importer(815301076,1909f56bfc062723c751e8b465ee728b)
Start importing Assets/Art/Environment/Art from 2D shooter/PlatformMedium_Left_Red_1.asset using Guid(53e7443c9dfaeca4abf0db9e981a5389) Importer(815301076,1909f56bfc062723c751e8b465ee728b)  -> (artifact id: '67fc2395905bcd47d909eecb918a643c') in 0.020811 seconds 
  Import took 0.025919 seconds .

========================================================================
Received Import Request.
  Time since last request: 0.000248 seconds.
  path: Assets/Art/Environment/Art from 2D shooter/PlatformLarge_Left.asset
  artifactKey: Guid(8a746557efd692246add8a316fc875e9) Importer(815301076,1909f56bfc062723c751e8b465ee728b)
Start importing Assets/Art/Environment/Art from 2D shooter/PlatformLarge_Left.asset using Guid(8a746557efd692246add8a316fc875e9) Importer(815301076,1909f56bfc062723c751e8b465ee728b)  -> (artifact id: '31a76568de2e11def5309ff91f6394e0') in 0.028918 seconds 
  Import took 0.034666 seconds .

========================================================================
Received Import Request.
  Time since last request: 0.000369 seconds.
  path: Assets/Art/Environment/Art from 2D shooter/PlatformLarge_Red_2.asset
  artifactKey: Guid(95a93379353452f489baee323feb744d) Importer(815301076,1909f56bfc062723c751e8b465ee728b)
Start importing Assets/Art/Environment/Art from 2D shooter/PlatformLarge_Red_2.asset using Guid(95a93379353452f489baee323feb744d) Importer(815301076,1909f56bfc062723c751e8b465ee728b)  -> (artifact id: '2d724d0f0d3734eed287d5282837c3a9') in 0.021754 seconds 
  Import took 0.031814 seconds .

========================================================================
Received Import Request.
  Time since last request: 0.000608 seconds.
  path: Assets/Art/Environment/Art from 2D shooter/PlatformLarge_Green_3.asset
  artifactKey: Guid(8d5f0703050f0c6429289fea8c2ccb3a) Importer(815301076,1909f56bfc062723c751e8b465ee728b)
Start importing Assets/Art/Environment/Art from 2D shooter/PlatformLarge_Green_3.asset using Guid(8d5f0703050f0c6429289fea8c2ccb3a) Importer(815301076,1909f56bfc062723c751e8b465ee728b)  -> (artifact id: '3bfa38e24ae0b45ff14ff499c565b320') in 0.020169 seconds 
  Import took 0.028303 seconds .

========================================================================
Received Import Request.
  Time since last request: 0.000292 seconds.
  path: Assets/Art/Environment/Art from 2D shooter/PlatformMedium_Left_Red_3.asset
  artifactKey: Guid(956395d89c3420d49a5d71f7486ba8f1) Importer(815301076,1909f56bfc062723c751e8b465ee728b)
Start importing Assets/Art/Environment/Art from 2D shooter/PlatformMedium_Left_Red_3.asset using Guid(956395d89c3420d49a5d71f7486ba8f1) Importer(815301076,1909f56bfc062723c751e8b465ee728b)  -> (artifact id: 'ad501dfae223d7708c0fe8bdb21ac05d') in 0.026219 seconds 
  Import took 0.033642 seconds .

========================================================================
Received Import Request.
  Time since last request: 0.000456 seconds.
  path: Assets/Art/Environment/Art from 2D shooter/PlatformLarge_Yellow_2.asset
  artifactKey: Guid(817ba1355b7aa904e904bc6756d28ed8) Importer(815301076,1909f56bfc062723c751e8b465ee728b)
Start importing Assets/Art/Environment/Art from 2D shooter/PlatformLarge_Yellow_2.asset using Guid(817ba1355b7aa904e904bc6756d28ed8) Importer(815301076,1909f56bfc062723c751e8b465ee728b)  -> (artifact id: '2d2e327d479fbd55ae7c57341f97f11b') in 0.018599 seconds 
  Import took 0.024991 seconds .

========================================================================
Received Import Request.
  Time since last request: 0.000245 seconds.
  path: Assets/Art/Environment/Art from 2D shooter/PlatformMedium_Left_Red_2.asset
  artifactKey: Guid(48492496ac243af4f8d6d3f861adbbfb) Importer(815301076,1909f56bfc062723c751e8b465ee728b)
Start importing Assets/Art/Environment/Art from 2D shooter/PlatformMedium_Left_Red_2.asset using Guid(48492496ac243af4f8d6d3f861adbbfb) Importer(815301076,1909f56bfc062723c751e8b465ee728b)  -> (artifact id: '8879eeab197c34f24c6559a6344df7f3') in 0.032035 seconds 
  Import took 0.037417 seconds .

========================================================================
Received Import Request.
  Time since last request: 0.000378 seconds.
  path: Assets/Art/Environment/Art from 2D shooter/PlatformMedium_Left_Yellow_2.asset
  artifactKey: Guid(51dfb157245dc1e4f97f53858ed68c39) Importer(815301076,1909f56bfc062723c751e8b465ee728b)
Start importing Assets/Art/Environment/Art from 2D shooter/PlatformMedium_Left_Yellow_2.asset using Guid(51dfb157245dc1e4f97f53858ed68c39) Importer(815301076,1909f56bfc062723c751e8b465ee728b)  -> (artifact id: '56dba12c93fb0f8b275d4479f0edf8b8') in 0.018812 seconds 
  Import took 0.024299 seconds .

========================================================================
Received Import Request.
  Time since last request: 0.000218 seconds.
  path: Assets/Art/Environment/Art from 2D shooter/PlatformMedium_Left_Yellow_1.asset
  artifactKey: Guid(40865fd785612c541b326e2e7c0dfc2d) Importer(815301076,1909f56bfc062723c751e8b465ee728b)
Start importing Assets/Art/Environment/Art from 2D shooter/PlatformMedium_Left_Yellow_1.asset using Guid(40865fd785612c541b326e2e7c0dfc2d) Importer(815301076,1909f56bfc062723c751e8b465ee728b)  -> (artifact id: '2849d442af2f855781fb3f7297c0ee07') in 0.033166 seconds 
  Import took 0.038260 seconds .

========================================================================
Received Import Request.
  Time since last request: 0.000369 seconds.
  path: Assets/Art/Environment/Art from 2D shooter/PlatformLarge_Red_3.asset
  artifactKey: Guid(63df8f3ee355f0749854fe28b4db4516) Importer(815301076,1909f56bfc062723c751e8b465ee728b)
Start importing Assets/Art/Environment/Art from 2D shooter/PlatformLarge_Red_3.asset using Guid(63df8f3ee355f0749854fe28b4db4516) Importer(815301076,1909f56bfc062723c751e8b465ee728b)  -> (artifact id: 'ca1f1d2f2de220cc9fcb0630ce1a8db2') in 0.021816 seconds 
  Import took 0.028752 seconds .

========================================================================
Received Import Request.
  Time since last request: 0.000224 seconds.
  path: Assets/Art/Environment/Art from 2D shooter/PlatformMedium_Left_Green_1.asset
  artifactKey: Guid(bdfd25ed59e54f346a9f45fe27e3b88e) Importer(815301076,1909f56bfc062723c751e8b465ee728b)
Start importing Assets/Art/Environment/Art from 2D shooter/PlatformMedium_Left_Green_1.asset using Guid(bdfd25ed59e54f346a9f45fe27e3b88e) Importer(815301076,1909f56bfc062723c751e8b465ee728b)  -> (artifact id: 'd6a6bdd796716df1e9a69df6026f30e0') in 0.027982 seconds 
  Import took 0.034298 seconds .

========================================================================
Received Import Request.
  Time since last request: 0.000477 seconds.
  path: Assets/Art/Environment/Art from 2D shooter/PlatformMedium_Left_Yellow_3.asset
  artifactKey: Guid(84709b8fa1085884f8f125a9550c7cd6) Importer(815301076,1909f56bfc062723c751e8b465ee728b)
Start importing Assets/Art/Environment/Art from 2D shooter/PlatformMedium_Left_Yellow_3.asset using Guid(84709b8fa1085884f8f125a9550c7cd6) Importer(815301076,1909f56bfc062723c751e8b465ee728b)  -> (artifact id: '1f0bb66bc7ca03d20a491f4c434eed24') in 0.026885 seconds 
  Import took 0.035600 seconds .

========================================================================
Received Import Request.
  Time since last request: 0.000426 seconds.
  path: Assets/Art/Environment/Art from 2D shooter/PlatformLarge_Green_2.asset
  artifactKey: Guid(9d274cf16f9af7c419ab824717381bc8) Importer(815301076,1909f56bfc062723c751e8b465ee728b)
Start importing Assets/Art/Environment/Art from 2D shooter/PlatformLarge_Green_2.asset using Guid(9d274cf16f9af7c419ab824717381bc8) Importer(815301076,1909f56bfc062723c751e8b465ee728b)  -> (artifact id: '030bef348f372527ec20a30fd2a59b99') in 0.021166 seconds 
  Import took 0.028667 seconds .

========================================================================
Received Import Request.
  Time since last request: 0.000338 seconds.
  path: Assets/Art/Environment/Art from 2D shooter/PlatformLarge_Right.asset
  artifactKey: Guid(968b25ded96cb0c4ba617751b6b45b97) Importer(815301076,1909f56bfc062723c751e8b465ee728b)
Start importing Assets/Art/Environment/Art from 2D shooter/PlatformLarge_Right.asset using Guid(968b25ded96cb0c4ba617751b6b45b97) Importer(815301076,1909f56bfc062723c751e8b465ee728b)  -> (artifact id: 'a4bace8e15550d6b5f9aec234cab1fcd') in 0.029874 seconds 
  Import took 0.037421 seconds .

========================================================================
Received Import Request.
  Time since last request: 0.000357 seconds.
  path: Assets/Art/Environment/Art from 2D shooter/PlatformMedium_Left_Green_2.asset
  artifactKey: Guid(fb318772b0db0924d96d0fe1512d0fcf) Importer(815301076,1909f56bfc062723c751e8b465ee728b)
Start importing Assets/Art/Environment/Art from 2D shooter/PlatformMedium_Left_Green_2.asset using Guid(fb318772b0db0924d96d0fe1512d0fcf) Importer(815301076,1909f56bfc062723c751e8b465ee728b)  -> (artifact id: '005de1282c75cc0845a7679406862765') in 0.019972 seconds 
  Import took 0.027046 seconds .

========================================================================
Received Import Request.
  Time since last request: 1.247399 seconds.
  path: Assets/Art/Environment/Art from 2D shooter/PlatformMedium_Right_Green_1.asset
  artifactKey: Guid(1f27347274113304ca5a4258ae96ccd1) Importer(815301076,1909f56bfc062723c751e8b465ee728b)
Start importing Assets/Art/Environment/Art from 2D shooter/PlatformMedium_Right_Green_1.asset using Guid(1f27347274113304ca5a4258ae96ccd1) Importer(815301076,1909f56bfc062723c751e8b465ee728b)  -> (artifact id: '042c092e077a5ceabe58345bbc3061cf') in 0.040101 seconds 
  Import took 0.045176 seconds .

========================================================================
Received Import Request.
  Time since last request: 0.000295 seconds.
  path: Assets/Art/Environment/Art from 2D shooter/PlatformMedium_Right_Yellow_1.asset
  artifactKey: Guid(aa2ff226509ca55418da50597f010691) Importer(815301076,1909f56bfc062723c751e8b465ee728b)
Start importing Assets/Art/Environment/Art from 2D shooter/PlatformMedium_Right_Yellow_1.asset using Guid(aa2ff226509ca55418da50597f010691) Importer(815301076,1909f56bfc062723c751e8b465ee728b)  -> (artifact id: '3c2c76702425d80033920cd7b91b75f3') in 0.049146 seconds 
  Import took 0.055913 seconds .

========================================================================
Received Import Request.
  Time since last request: 0.000315 seconds.
  path: Assets/Art/Environment/Art from 2D shooter/PlatformMedium_Right_Red_2.asset
  artifactKey: Guid(e9cfd0a26fb5b724d8063d26865c6c71) Importer(815301076,1909f56bfc062723c751e8b465ee728b)
Start importing Assets/Art/Environment/Art from 2D shooter/PlatformMedium_Right_Red_2.asset using Guid(e9cfd0a26fb5b724d8063d26865c6c71) Importer(815301076,1909f56bfc062723c751e8b465ee728b)  -> (artifact id: 'a4a1dcb4d82c6a245024705e2dd29e79') in 0.072318 seconds 
  Import took 0.091053 seconds .

========================================================================
Received Import Request.
  Time since last request: 0.000847 seconds.
  path: Assets/Art/Environment/Art from 2D shooter/PlatformSmall_Yellow_1.asset
  artifactKey: Guid(4996c3e6485af3d439eeaa9e0db3fdaf) Importer(815301076,1909f56bfc062723c751e8b465ee728b)
Start importing Assets/Art/Environment/Art from 2D shooter/PlatformSmall_Yellow_1.asset using Guid(4996c3e6485af3d439eeaa9e0db3fdaf) Importer(815301076,1909f56bfc062723c751e8b465ee728b)  -> (artifact id: 'ae470ffb038ef6ca8a0707bff0c02b88') in 0.116338 seconds 
  Import took 0.156104 seconds .

========================================================================
Received Import Request.
  Time since last request: 0.000562 seconds.
  path: Assets/Art/Environment/Art from 2D shooter/PlatformSmall_Green_3.asset
  artifactKey: Guid(828b7189622771042a9338a4e29eb5de) Importer(815301076,1909f56bfc062723c751e8b465ee728b)
Start importing Assets/Art/Environment/Art from 2D shooter/PlatformSmall_Green_3.asset using Guid(828b7189622771042a9338a4e29eb5de) Importer(815301076,1909f56bfc062723c751e8b465ee728b)  -> (artifact id: '463e27924ce1783cae26fffa1e66d904') in 0.041223 seconds 
  Import took 0.082459 seconds .

========================================================================
Received Import Request.
  Time since last request: 0.000322 seconds.
  path: Assets/Art/Environment/Art from 2D shooter/PlatformSmall_Green_2.asset
  artifactKey: Guid(9625292510e719b419ffc0752140bb25) Importer(815301076,1909f56bfc062723c751e8b465ee728b)
Start importing Assets/Art/Environment/Art from 2D shooter/PlatformSmall_Green_2.asset using Guid(9625292510e719b419ffc0752140bb25) Importer(815301076,1909f56bfc062723c751e8b465ee728b)  -> (artifact id: '0fc4946891d47e3e668467d4a8aacd60') in 0.038178 seconds 
  Import took 0.045264 seconds .

========================================================================
Received Import Request.
  Time since last request: 0.000321 seconds.
  path: Assets/Art/Environment/Art from 2D shooter/PlatformMedium_Right_Green_2.asset
  artifactKey: Guid(5f69410b946fcc345aad8165a0896552) Importer(815301076,1909f56bfc062723c751e8b465ee728b)
Start importing Assets/Art/Environment/Art from 2D shooter/PlatformMedium_Right_Green_2.asset using Guid(5f69410b946fcc345aad8165a0896552) Importer(815301076,1909f56bfc062723c751e8b465ee728b)  -> (artifact id: '35531ab60bfa40172fb99460e2ff11bd') in 0.035462 seconds 
  Import took 0.042328 seconds .

========================================================================
Received Import Request.
  Time since last request: 0.000352 seconds.
  path: Assets/Art/Environment/Art from 2D shooter/PlatformMedium_Right_Red_1.asset
  artifactKey: Guid(959159ff38f5f7840b34c93bb8ccbfb8) Importer(815301076,1909f56bfc062723c751e8b465ee728b)
Start importing Assets/Art/Environment/Art from 2D shooter/PlatformMedium_Right_Red_1.asset using Guid(959159ff38f5f7840b34c93bb8ccbfb8) Importer(815301076,1909f56bfc062723c751e8b465ee728b)  -> (artifact id: 'c37a2a13697944d5121e9c059debeed3') in 0.352107 seconds 
  Import took 0.413121 seconds .

========================================================================
Received Import Request.
  Time since last request: 0.155351 seconds.
  path: Assets/Art/Environment/Art from 2D shooter/PlatformSmall_Green_1.asset
  artifactKey: Guid(95b3a72b4708c1342b0b2d74972df2f6) Importer(815301076,1909f56bfc062723c751e8b465ee728b)
Start importing Assets/Art/Environment/Art from 2D shooter/PlatformSmall_Green_1.asset using Guid(95b3a72b4708c1342b0b2d74972df2f6) Importer(815301076,1909f56bfc062723c751e8b465ee728b)  -> (artifact id: 'a704c1c55ea82d302f6f0d9b6f73be98') in 0.018334 seconds 
  Import took 0.076377 seconds .

========================================================================
Received Import Request.
  Time since last request: 0.000376 seconds.
  path: Assets/Art/Environment/Art from 2D shooter/PlatformSmall_Red_2.asset
  artifactKey: Guid(7e3839ad12d69874fba6ab968825863a) Importer(815301076,1909f56bfc062723c751e8b465ee728b)
Start importing Assets/Art/Environment/Art from 2D shooter/PlatformSmall_Red_2.asset using Guid(7e3839ad12d69874fba6ab968825863a) Importer(815301076,1909f56bfc062723c751e8b465ee728b)  -> (artifact id: '26b0999887ebde62f9f05255803eb29a') in 0.026403 seconds 
  Import took 0.045389 seconds .

========================================================================
Received Import Request.
  Time since last request: 0.000243 seconds.
  path: Assets/Art/Environment/Art from 2D shooter/PlatformMedium_Right_Yellow_2.asset
  artifactKey: Guid(8db72ce0ed056134b954e85cb6f453f4) Importer(815301076,1909f56bfc062723c751e8b465ee728b)
Start importing Assets/Art/Environment/Art from 2D shooter/PlatformMedium_Right_Yellow_2.asset using Guid(8db72ce0ed056134b954e85cb6f453f4) Importer(815301076,1909f56bfc062723c751e8b465ee728b)  -> (artifact id: '5aa92451d52286067b689de135f6be9c') in 0.018926 seconds 
  Import took 0.050018 seconds .

========================================================================
Received Import Request.
  Time since last request: 0.000235 seconds.
  path: Assets/Art/Environment/Art from 2D shooter/PlatformSmall_Yellow_3.asset
  artifactKey: Guid(5fca873d1368c2b46aae99f767ef39ce) Importer(815301076,1909f56bfc062723c751e8b465ee728b)
Start importing Assets/Art/Environment/Art from 2D shooter/PlatformSmall_Yellow_3.asset using Guid(5fca873d1368c2b46aae99f767ef39ce) Importer(815301076,1909f56bfc062723c751e8b465ee728b)  -> (artifact id: 'b46a1fe2175865cf6902dd40b0da8805') in 0.028104 seconds 
  Import took 0.034049 seconds .

========================================================================
Received Import Request.
  Time since last request: 0.000254 seconds.
  path: Assets/Art/Environment/Art from 2D shooter/PlatformSmall_Yellow_2.asset
  artifactKey: Guid(391ddfe63d64c2c408063fdc2d8b7296) Importer(815301076,1909f56bfc062723c751e8b465ee728b)
Start importing Assets/Art/Environment/Art from 2D shooter/PlatformSmall_Yellow_2.asset using Guid(391ddfe63d64c2c408063fdc2d8b7296) Importer(815301076,1909f56bfc062723c751e8b465ee728b)  -> (artifact id: '48f355177ba739469e791f00cf288f43') in 0.044691 seconds 
  Import took 0.052390 seconds .

========================================================================
Received Import Request.
  Time since last request: 0.000648 seconds.
  path: Assets/Art/Environment/Art from 2D shooter/PlatformSmall_Red_3.asset
  artifactKey: Guid(4ae093fb04b4a824c9cb6a099994acf5) Importer(815301076,1909f56bfc062723c751e8b465ee728b)
Start importing Assets/Art/Environment/Art from 2D shooter/PlatformSmall_Red_3.asset using Guid(4ae093fb04b4a824c9cb6a099994acf5) Importer(815301076,1909f56bfc062723c751e8b465ee728b)  -> (artifact id: '388613e5893910d7e6044acda77f0054') in 0.049675 seconds 
  Import took 0.057411 seconds .

========================================================================
Received Import Request.
  Time since last request: 0.000258 seconds.
  path: Assets/Art/Environment/Art from 2D shooter/PlatformMedium_Right_Yellow_3.asset
  artifactKey: Guid(3ac069d28e79e8d468bba8f1c3f4237d) Importer(815301076,1909f56bfc062723c751e8b465ee728b)
Start importing Assets/Art/Environment/Art from 2D shooter/PlatformMedium_Right_Yellow_3.asset using Guid(3ac069d28e79e8d468bba8f1c3f4237d) Importer(815301076,1909f56bfc062723c751e8b465ee728b)  -> (artifact id: '5c7eb60fe77d527da0b55428cd1b8274') in 0.050158 seconds 
  Import took 0.055631 seconds .

========================================================================
Received Import Request.
  Time since last request: 0.000309 seconds.
  path: Assets/Art/Environment/Art from 2D shooter/PlatformMedium_Right_Green_3.asset
  artifactKey: Guid(fab302b90f913364ab2dee3a63bdd0a9) Importer(815301076,1909f56bfc062723c751e8b465ee728b)
Start importing Assets/Art/Environment/Art from 2D shooter/PlatformMedium_Right_Green_3.asset using Guid(fab302b90f913364ab2dee3a63bdd0a9) Importer(815301076,1909f56bfc062723c751e8b465ee728b)  -> (artifact id: '8a36cb39736fa9deefbb86e709928691') in 0.042299 seconds 
  Import took 0.050204 seconds .

========================================================================
Received Import Request.
  Time since last request: 0.000289 seconds.
  path: Assets/Art/Environment/Art from 2D shooter/PlatformMedium_Right_Red_3.asset
  artifactKey: Guid(a1c4cdcdf8f256b478a77981cd6b1140) Importer(815301076,1909f56bfc062723c751e8b465ee728b)
Start importing Assets/Art/Environment/Art from 2D shooter/PlatformMedium_Right_Red_3.asset using Guid(a1c4cdcdf8f256b478a77981cd6b1140) Importer(815301076,1909f56bfc062723c751e8b465ee728b)  -> (artifact id: '87c0648cd0fb0c6a0e3100c25ac60ff5') in 0.043469 seconds 
  Import took 0.049485 seconds .

========================================================================
Received Import Request.
  Time since last request: 0.000313 seconds.
  path: Assets/Art/Environment/Art from 2D shooter/PlatformSmall_Red_1.asset
  artifactKey: Guid(60ec2f88675779b48b7ae575d9928d80) Importer(815301076,1909f56bfc062723c751e8b465ee728b)
Start importing Assets/Art/Environment/Art from 2D shooter/PlatformSmall_Red_1.asset using Guid(60ec2f88675779b48b7ae575d9928d80) Importer(815301076,1909f56bfc062723c751e8b465ee728b)  -> (artifact id: '812cfb116d320ae2ac6ea77fd15507c9') in 0.038824 seconds 
  Import took 0.046504 seconds .

========================================================================
Received Import Request.
  Time since last request: 74.115066 seconds.
  path: Assets/Art/Environment/Orb_2.asset
  artifactKey: Guid(738417ad323aaba4d9666a4ab020f142) Importer(815301076,1909f56bfc062723c751e8b465ee728b)
Start importing Assets/Art/Environment/Orb_2.asset using Guid(738417ad323aaba4d9666a4ab020f142) Importer(815301076,1909f56bfc062723c751e8b465ee728b)  -> (artifact id: '3416583ee8211535fed4dda93d976315') in 0.033704 seconds 
  Import took 0.048475 seconds .

========================================================================
Received Import Request.
  Time since last request: 2650.260836 seconds.
  path: Assets/Art/UI Elements/Fonts/manaspc/manaspc.ttf
  artifactKey: Guid(2c7cc4c3cc08ca44ebdd6f1571de0373) Importer(815301076,1909f56bfc062723c751e8b465ee728b)
Start importing Assets/Art/UI Elements/Fonts/manaspc/manaspc.ttf using Guid(2c7cc4c3cc08ca44ebdd6f1571de0373) Importer(815301076,1909f56bfc062723c751e8b465ee728b)  -> (artifact id: 'ec96937c28cf1e36cbefc89d4df1986e') in 0.253103 seconds 
  Import took 0.283463 seconds .

========================================================================
Received Prepare
Registering precompiled user dll's ...
Registered in 0.401414 seconds.
Begin MonoManager ReloadAssembly
Native extension for WindowsStandalone target not found
Native extension for WebGL target not found
Refreshing native plugins compatible for Editor in 0.98 ms, found 3 plugins.
Preloading 0 native plugins for Editor in 0.00 ms.
Mono: successfully reloaded assembly
- Completed reload, in  2.211 seconds
Domain Reload Profiling:
	ReloadAssembly (2214ms)
		BeginReloadAssembly (398ms)
			ExecutionOrderSort (0ms)
			DisableScriptedObjects (33ms)
			BackupInstance (0ms)
			ReleaseScriptingObjects (0ms)
			CreateAndSetChildDomain (176ms)
		EndReloadAssembly (1700ms)
			LoadAssemblies (228ms)
			RebuildTransferFunctionScriptingTraits (0ms)
			SetupTypeCache (588ms)
			ReleaseScriptCaches (2ms)
			RebuildScriptCaches (80ms)
			SetupLoadedEditorAssemblies (618ms)
				LogAssemblyErrors (0ms)
				InitializePlatformSupportModulesInManaged (9ms)
				SetLoadedEditorAssemblies (1ms)
				RefreshPlugins (1ms)
				BeforeProcessingInitializeOnLoad (146ms)
				ProcessInitializeOnLoadAttributes (433ms)
				ProcessInitializeOnLoadMethodAttributes (21ms)
				AfterProcessingInitializeOnLoad (6ms)
				EditorAssembliesLoaded (0ms)
			ExecutionOrderSort2 (0ms)
			AwakeInstancesAfterBackupRestoration (17ms)
Platform modules already initialized, skipping
Refreshing native plugins compatible for Editor in 0.94 ms, found 3 plugins.
Preloading 0 native plugins for Editor in 0.00 ms.
Unloading 2604 Unused Serialized files (Serialized files now loaded: 0)
System memory in use before: 115.5 MB.
System memory in use after: 115.6 MB.

Unloading 24 unused Assets to reduce memory usage. Loaded Objects now: 3096.
Total: 6.409800 ms (FindLiveObjects: 0.276600 ms CreateObjectMapping: 0.177400 ms MarkObjects: 5.745700 ms  DeleteObjects: 0.208100 ms)

AssetImportParameters requested are different than current active one (requested -> active):
  custom:framework-win-MediaFoundation: 216162199b28c13a410421893ffa2e32 -> 
  custom:video-decoder-ogg-theora: a1e56fd34408186e4bbccfd4996cb3dc -> 
  custom:container-muxer-webm: aa71ff27fc2769a1b78a27578f13a17b -> 
  custom:container-demuxer-webm: 4f35f7cbe854078d1ac9338744f61a02 -> 
  custom:container-demuxer-ogg: 62fdf1f143b41e24485cea50d1cbac27 -> 
  custom:video-encoder-webm-vp8: eb34c28f22e8b96e1ab97ce403110664 -> 
  custom:video-decoder-webm-vp8: 9c59270c3fd7afecdb556c50c9e8de78 -> 
  custom:audio-decoder-ogg-vorbis: bf7c407c2cedff20999df2af8eb42d56 -> 
  custom:audio-encoder-webm-vorbis: bf7c407c2cedff20999df2af8eb42d56 -> 
========================================================================
Received Import Request.
  Time since last request: 393.709046 seconds.
  path: Assets/Art/Environment/Door/Door_NoKeycard/DoorNoKeycard_Frame.asset
  artifactKey: Guid(fd51051f9de7c664ca83f788e7efce06) Importer(815301076,1909f56bfc062723c751e8b465ee728b)
Start importing Assets/Art/Environment/Door/Door_NoKeycard/DoorNoKeycard_Frame.asset using Guid(fd51051f9de7c664ca83f788e7efce06) Importer(815301076,1909f56bfc062723c751e8b465ee728b)  -> (artifact id: 'f59ddaeffa005c432ff1015c49e54f42') in 0.059041 seconds 
  Import took 0.066429 seconds .

========================================================================
Received Import Request.
  Time since last request: 39.593515 seconds.
  path: Assets/Art/Environment/Door/Door_NoKeycard
  artifactKey: Guid(e3c71c1d71612f94891089ed5b6c762e) Importer(815301076,1909f56bfc062723c751e8b465ee728b)
Start importing Assets/Art/Environment/Door/Door_NoKeycard using Guid(e3c71c1d71612f94891089ed5b6c762e) Importer(815301076,1909f56bfc062723c751e8b465ee728b)  -> (artifact id: 'd27df6e9be0d2065fbb99ac21b8dff4c') in 0.007330 seconds 
  Import took 0.012116 seconds .

========================================================================
Received Prepare
Registering precompiled user dll's ...
Registered in 0.004441 seconds.
Begin MonoManager ReloadAssembly
Native extension for WindowsStandalone target not found
Native extension for WebGL target not found
Refreshing native plugins compatible for Editor in 0.72 ms, found 3 plugins.
Preloading 0 native plugins for Editor in 0.00 ms.
Mono: successfully reloaded assembly
- Completed reload, in  1.184 seconds
Domain Reload Profiling:
	ReloadAssembly (1185ms)
		BeginReloadAssembly (123ms)
			ExecutionOrderSort (0ms)
			DisableScriptedObjects (6ms)
			BackupInstance (0ms)
			ReleaseScriptingObjects (0ms)
			CreateAndSetChildDomain (41ms)
		EndReloadAssembly (999ms)
			LoadAssemblies (103ms)
			RebuildTransferFunctionScriptingTraits (0ms)
			SetupTypeCache (339ms)
			ReleaseScriptCaches (1ms)
			RebuildScriptCaches (49ms)
			SetupLoadedEditorAssemblies (386ms)
				LogAssemblyErrors (0ms)
				InitializePlatformSupportModulesInManaged (5ms)
				SetLoadedEditorAssemblies (1ms)
				RefreshPlugins (1ms)
				BeforeProcessingInitializeOnLoad (97ms)
				ProcessInitializeOnLoadAttributes (266ms)
				ProcessInitializeOnLoadMethodAttributes (13ms)
				AfterProcessingInitializeOnLoad (5ms)
				EditorAssembliesLoaded (0ms)
			ExecutionOrderSort2 (0ms)
			AwakeInstancesAfterBackupRestoration (10ms)
Platform modules already initialized, skipping
Refreshing native plugins compatible for Editor in 0.81 ms, found 3 plugins.
Preloading 0 native plugins for Editor in 0.00 ms.
Unloading 2604 Unused Serialized files (Serialized files now loaded: 0)
System memory in use before: 115.6 MB.
System memory in use after: 115.6 MB.

Unloading 24 unused Assets to reduce memory usage. Loaded Objects now: 3100.
Total: 3.736300 ms (FindLiveObjects: 0.224000 ms CreateObjectMapping: 0.133400 ms MarkObjects: 3.245700 ms  DeleteObjects: 0.131700 ms)

AssetImportParameters requested are different than current active one (requested -> active):
  custom:framework-win-MediaFoundation: 216162199b28c13a410421893ffa2e32 -> 
  custom:video-decoder-ogg-theora: a1e56fd34408186e4bbccfd4996cb3dc -> 
  custom:container-muxer-webm: aa71ff27fc2769a1b78a27578f13a17b -> 
  custom:container-demuxer-webm: 4f35f7cbe854078d1ac9338744f61a02 -> 
  custom:container-demuxer-ogg: 62fdf1f143b41e24485cea50d1cbac27 -> 
  custom:video-encoder-webm-vp8: eb34c28f22e8b96e1ab97ce403110664 -> 
  custom:video-decoder-webm-vp8: 9c59270c3fd7afecdb556c50c9e8de78 -> 
  custom:audio-decoder-ogg-vorbis: bf7c407c2cedff20999df2af8eb42d56 -> 
  custom:audio-encoder-webm-vorbis: bf7c407c2cedff20999df2af8eb42d56 -> 
========================================================================
Received Import Request.
  Time since last request: 31.839882 seconds.
  path: Assets/Art/Environment/Orb_3.asset
  artifactKey: Guid(e46713137b568c44ca26fb40eb6288dc) Importer(815301076,1909f56bfc062723c751e8b465ee728b)
Start importing Assets/Art/Environment/Orb_3.asset using Guid(e46713137b568c44ca26fb40eb6288dc) Importer(815301076,1909f56bfc062723c751e8b465ee728b)  -> (artifact id: 'eb5efce75844bd0aa179ef9a3162b217') in 0.052506 seconds 
  Import took 0.058133 seconds .

========================================================================
Received Prepare
Registering precompiled user dll's ...
Registered in 0.004194 seconds.
Begin MonoManager ReloadAssembly
Native extension for WindowsStandalone target not found
Native extension for WebGL target not found
Refreshing native plugins compatible for Editor in 0.56 ms, found 3 plugins.
Preloading 0 native plugins for Editor in 0.00 ms.
Mono: successfully reloaded assembly
- Completed reload, in  1.183 seconds
Domain Reload Profiling:
	ReloadAssembly (1184ms)
		BeginReloadAssembly (132ms)
			ExecutionOrderSort (0ms)
			DisableScriptedObjects (6ms)
			BackupInstance (0ms)
			ReleaseScriptingObjects (0ms)
			CreateAndSetChildDomain (40ms)
		EndReloadAssembly (983ms)
			LoadAssemblies (105ms)
			RebuildTransferFunctionScriptingTraits (0ms)
			SetupTypeCache (343ms)
			ReleaseScriptCaches (1ms)
			RebuildScriptCaches (46ms)
			SetupLoadedEditorAssemblies (367ms)
				LogAssemblyErrors (0ms)
				InitializePlatformSupportModulesInManaged (5ms)
				SetLoadedEditorAssemblies (0ms)
				RefreshPlugins (1ms)
				BeforeProcessingInitializeOnLoad (84ms)
				ProcessInitializeOnLoadAttributes (258ms)
				ProcessInitializeOnLoadMethodAttributes (13ms)
				AfterProcessingInitializeOnLoad (5ms)
				EditorAssembliesLoaded (0ms)
			ExecutionOrderSort2 (0ms)
			AwakeInstancesAfterBackupRestoration (11ms)
Platform modules already initialized, skipping
Refreshing native plugins compatible for Editor in 0.81 ms, found 3 plugins.
Preloading 0 native plugins for Editor in 0.00 ms.
Unloading 2604 Unused Serialized files (Serialized files now loaded: 0)
System memory in use before: 115.6 MB.
System memory in use after: 115.6 MB.

Unloading 24 unused Assets to reduce memory usage. Loaded Objects now: 3103.
Total: 4.121700 ms (FindLiveObjects: 0.328000 ms CreateObjectMapping: 0.217200 ms MarkObjects: 3.437900 ms  DeleteObjects: 0.136700 ms)

AssetImportParameters requested are different than current active one (requested -> active):
  custom:framework-win-MediaFoundation: 216162199b28c13a410421893ffa2e32 -> 
  custom:video-decoder-ogg-theora: a1e56fd34408186e4bbccfd4996cb3dc -> 
  custom:container-muxer-webm: aa71ff27fc2769a1b78a27578f13a17b -> 
  custom:container-demuxer-webm: 4f35f7cbe854078d1ac9338744f61a02 -> 
  custom:container-demuxer-ogg: 62fdf1f143b41e24485cea50d1cbac27 -> 
  custom:video-encoder-webm-vp8: eb34c28f22e8b96e1ab97ce403110664 -> 
  custom:video-decoder-webm-vp8: 9c59270c3fd7afecdb556c50c9e8de78 -> 
  custom:audio-decoder-ogg-vorbis: bf7c407c2cedff20999df2af8eb42d56 -> 
  custom:audio-encoder-webm-vorbis: bf7c407c2cedff20999df2af8eb42d56 -> 
AssetImportWorkerClient::OnTransportError - code=2 error=End of file
